<?xml version="1.0" encoding="UTF-8"?>
<!-- Generated by org.testng.reporters.JUnitXMLReporter -->
<testsuite ignored="0" hostname="ThinkP51" failures="0" tests="4" name="Test" time="13.023" errors="0" timestamp="2023-03-20T16:34:44 PDT">
  <testcase classname="test.Sample" name="sampleMethodOne" time="0.014"/>
  <testcase classname="test.Login" name="verifyLoginWithValidCreditials" time="7.516"/>
  <testcase classname="test.Login" name="verifyLoginWithInvalidCreditials" time="5.428"/>
  <testcase classname="test.Demo" name="sample" time="0.001"/>
</testsuite> <!-- Test -->
