<?xml version="1.0" encoding="UTF-8"?>
<!-- Generated by org.testng.reporters.JUnitXMLReporter -->
<testsuite ignored="0" hostname="ThinkP51" failures="0" tests="4" name="Test" time="14.275" errors="0" timestamp="2023-03-20T17:03:07 PDT">
  <testcase classname="test.Sample" name="sampleMethodOne" time="0.004"/>
  <testcase classname="test.Login" name="verifyLoginWithValidCreditials" time="8.365"/>
  <testcase classname="test.Login" name="verifyLoginWithInvalidCreditials" time="5.862"/>
  <testcase classname="test.Demo" name="sample" time="0.0"/>
</testsuite> <!-- Test -->
