<?xml version="1.0" encoding="UTF-8"?>
<testng-results ignored="0" total="4" passed="4" failed="0" skipped="0">
  <reporter-output>
  </reporter-output>
  <suite started-at="2023-03-20T17:02:53 PDT" name="Suite" finished-at="2023-03-20T17:03:07 PDT" duration-ms="14275">
    <groups>
    </groups>
    <test started-at="2023-03-20T17:02:53 PDT" name="Test" finished-at="2023-03-20T17:03:07 PDT" duration-ms="14275">
      <class name="test.Sample">
        <test-method signature="sampleMethodOne()[pri:0, instance:test.Sample@460d0a57]" started-at="2023-03-20T17:02:53 PDT" name="sampleMethodOne" finished-at="2023-03-20T17:02:53 PDT" duration-ms="4" status="PASS">
          <reporter-output>
          </reporter-output>
        </test-method> <!-- sampleMethodOne -->
      </class> <!-- test.Sample -->
      <class name="test.Demo">
        <test-method signature="sample()[pri:0, instance:test.Demo@1c93084c]" started-at="2023-03-20T17:03:07 PDT" name="sample" finished-at="2023-03-20T17:03:07 PDT" duration-ms="0" status="PASS">
          <reporter-output>
          </reporter-output>
        </test-method> <!-- sample -->
      </class> <!-- test.Demo -->
      <class name="test.Login">
        <test-method signature="verifyLoginWithValidCreditials()[pri:1, instance:test.Login@5be6e01c]" started-at="2023-03-20T17:02:53 PDT" name="verifyLoginWithValidCreditials" finished-at="2023-03-20T17:03:01 PDT" duration-ms="8365" status="PASS">
          <reporter-output>
          </reporter-output>
        </test-method> <!-- verifyLoginWithValidCreditials -->
        <test-method signature="verifyLoginWithInvalidCreditials()[pri:2, instance:test.Login@5be6e01c]" started-at="2023-03-20T17:03:01 PDT" name="verifyLoginWithInvalidCreditials" finished-at="2023-03-20T17:03:07 PDT" duration-ms="5862" status="PASS">
          <reporter-output>
          </reporter-output>
        </test-method> <!-- verifyLoginWithInvalidCreditials -->
      </class> <!-- test.Login -->
    </test> <!-- Test -->
  </suite> <!-- Suite -->
</testng-results>
