<?xml version="1.0" encoding="UTF-8"?>
<testng-results ignored="0" total="2" passed="2" failed="0" skipped="0">
  <reporter-output>
  </reporter-output>
  <suite started-at="2023-03-12T14:03:57 PDT" name="Default suite" finished-at="2023-03-12T14:04:11 PDT" duration-ms="13307">
    <groups>
    </groups>
    <test started-at="2023-03-12T14:03:57 PDT" name="Default test" finished-at="2023-03-12T14:04:11 PDT" duration-ms="13307">
      <class name="Login">
        <test-method signature="verifyLoginWithInvalidCreditials()[pri:0, instance:Login@1151e434]" started-at="2023-03-12T14:03:57 PDT" name="verifyLoginWithInvalidCreditials" finished-at="2023-03-12T14:04:05 PDT" duration-ms="7267" status="PASS">
          <reporter-output>
          </reporter-output>
        </test-method> <!-- verifyLoginWithInvalidCreditials -->
        <test-method signature="verifyLoginWithValidCreditials()[pri:0, instance:Login@1151e434]" started-at="2023-03-12T14:04:05 PDT" name="verifyLoginWithValidCreditials" finished-at="2023-03-12T14:04:11 PDT" duration-ms="5975" status="PASS">
          <reporter-output>
          </reporter-output>
        </test-method> <!-- verifyLoginWithValidCreditials -->
      </class> <!-- Login -->
    </test> <!-- Default test -->
  </suite> <!-- Default suite -->
</testng-results>
